 12-03-2023 11:42:05:714 [pid=919716 tid=919716] NOTICE  cufio-drv:705 running in compatible mode
 12-03-2023 11:44:51:380 [pid=921462 tid=921462] NOTICE  cufio-drv:705 running in compatible mode
 12-03-2023 11:48:42:773 [pid=923531 tid=923531] NOTICE  cufio-drv:705 running in compatible mode
 12-03-2023 11:55:33:839 [pid=932555 tid=932555] NOTICE  cufio-drv:705 running in compatible mode
 12-03-2023 11:57:39:718 [pid=933215 tid=933215] NOTICE  cufio-drv:705 running in compatible mode
 12-03-2023 11:58:11:567 [pid=933426 tid=933426] NOTICE  cufio-drv:705 running in compatible mode
 12-03-2023 12:38:11:939 [pid=981622 tid=981622] NOTICE  cufio-drv:705 running in compatible mode
 12-03-2023 12:42:18:812 [pid=988821 tid=988821] NOTICE  cufio-drv:705 running in compatible mode
 12-03-2023 12:43:13:862 [pid=990458 tid=990458] NOTICE  cufio-drv:705 running in compatible mode
 12-03-2023 12:46:15:459 [pid=995268 tid=995268] NOTICE  cufio-drv:705 running in compatible mode
 15-03-2023 11:27:38:35 [pid=1954841 tid=1954841] NOTICE  cufio-drv:705 running in compatible mode
 15-03-2023 11:27:52:646 [pid=1954954 tid=1954954] NOTICE  cufio-drv:705 running in compatible mode
 15-03-2023 11:30:42:104 [pid=1955519 tid=1955519] NOTICE  cufio-drv:705 running in compatible mode
 20-03-2023 11:31:30:279 [pid=3320006 tid=3320006] NOTICE  cufio-drv:705 running in compatible mode
 20-03-2023 11:35:06:448 [pid=3320440 tid=3320440] NOTICE  cufio-drv:705 running in compatible mode
 20-03-2023 11:38:28:434 [pid=3321137 tid=3321137] NOTICE  cufio-drv:705 running in compatible mode
 20-03-2023 11:43:50:456 [pid=3348720 tid=3348720] NOTICE  cufio-drv:705 running in compatible mode
 20-03-2023 13:40:48:256 [pid=3357400 tid=3357400] NOTICE  cufio-drv:705 running in compatible mode
 20-03-2023 13:41:33:779 [pid=3357659 tid=3357659] NOTICE  cufio-drv:705 running in compatible mode
 20-03-2023 13:44:08:595 [pid=3358077 tid=3358077] NOTICE  cufio-drv:705 running in compatible mode
 20-03-2023 13:47:59:897 [pid=3358747 tid=3358747] NOTICE  cufio-drv:705 running in compatible mode
 20-03-2023 13:48:51:770 [pid=3358991 tid=3358991] NOTICE  cufio-drv:705 running in compatible mode
 20-03-2023 15:42:16:186 [pid=3366820 tid=3366820] NOTICE  cufio-drv:705 running in compatible mode
 20-03-2023 15:52:02:612 [pid=3368808 tid=3368808] NOTICE  cufio-drv:705 running in compatible mode
 20-03-2023 15:52:38:340 [pid=3368972 tid=3368972] NOTICE  cufio-drv:705 running in compatible mode
 20-03-2023 15:53:31:692 [pid=3369292 tid=3369292] NOTICE  cufio-drv:705 running in compatible mode
 20-03-2023 15:54:25:128 [pid=3369610 tid=3369610] NOTICE  cufio-drv:705 running in compatible mode
 20-03-2023 15:55:45:404 [pid=3370021 tid=3370021] NOTICE  cufio-drv:705 running in compatible mode
 20-03-2023 16:09:30:201 [pid=3373543 tid=3373543] NOTICE  cufio-drv:705 running in compatible mode
 20-03-2023 17:04:47:388 [pid=3471843 tid=3471843] NOTICE  cufio-drv:705 running in compatible mode
 30-03-2023 10:48:57:830 [pid=3398915 tid=3398915] NOTICE  cufio-drv:705 running in compatible mode
 30-03-2023 10:52:17:705 [pid=3399662 tid=3399662] NOTICE  cufio-drv:705 running in compatible mode
 30-03-2023 10:53:22:702 [pid=3399921 tid=3399921] NOTICE  cufio-drv:705 running in compatible mode
 30-03-2023 10:55:11:925 [pid=3400249 tid=3400249] NOTICE  cufio-drv:705 running in compatible mode
 30-03-2023 10:59:01:397 [pid=3400825 tid=3400825] NOTICE  cufio-drv:705 running in compatible mode
 30-03-2023 11:00:17:829 [pid=3401073 tid=3401073] NOTICE  cufio-drv:705 running in compatible mode
 30-03-2023 11:06:09:530 [pid=3402991 tid=3402991] NOTICE  cufio-drv:705 running in compatible mode
 30-03-2023 11:35:04:390 [pid=3407632 tid=3407632] NOTICE  cufio-drv:705 running in compatible mode
 30-03-2023 11:36:00:9 [pid=3407870 tid=3407870] NOTICE  cufio-drv:705 running in compatible mode
 30-03-2023 11:36:33:244 [pid=3408044 tid=3408044] NOTICE  cufio-drv:705 running in compatible mode
 30-03-2023 11:41:32:615 [pid=3408554 tid=3408554] NOTICE  cufio-drv:705 running in compatible mode
 30-03-2023 11:42:46:618 [pid=3408840 tid=3408840] NOTICE  cufio-drv:705 running in compatible mode
 30-03-2023 12:49:47:891 [pid=3414337 tid=3414337] NOTICE  cufio-drv:705 running in compatible mode
 30-03-2023 12:52:27:473 [pid=3414638 tid=3414638] NOTICE  cufio-drv:705 running in compatible mode
 30-03-2023 12:53:25:215 [pid=3414867 tid=3414867] NOTICE  cufio-drv:705 running in compatible mode
 30-03-2023 13:07:13:194 [pid=3419218 tid=3419218] NOTICE  cufio-drv:705 running in compatible mode
 30-03-2023 13:08:04:836 [pid=3419441 tid=3419441] NOTICE  cufio-drv:705 running in compatible mode
 30-03-2023 13:08:45:459 [pid=3419627 tid=3419627] NOTICE  cufio-drv:705 running in compatible mode
 30-03-2023 13:09:31:50 [pid=3419840 tid=3419840] NOTICE  cufio-drv:705 running in compatible mode
 30-03-2023 13:11:07:215 [pid=3421127 tid=3421127] NOTICE  cufio-drv:705 running in compatible mode
 30-03-2023 13:12:07:496 [pid=3421371 tid=3421371] NOTICE  cufio-drv:705 running in compatible mode
 30-03-2023 13:17:27:387 [pid=3422346 tid=3422346] NOTICE  cufio-drv:705 running in compatible mode
 30-03-2023 13:19:24:532 [pid=3422844 tid=3422844] NOTICE  cufio-drv:705 running in compatible mode
 30-03-2023 13:20:58:506 [pid=3424229 tid=3424229] NOTICE  cufio-drv:705 running in compatible mode
 30-03-2023 13:33:21:223 [pid=3425662 tid=3425662] NOTICE  cufio-drv:705 running in compatible mode
 30-03-2023 13:34:47:528 [pid=3427099 tid=3427099] NOTICE  cufio-drv:705 running in compatible mode
 30-03-2023 13:49:43:701 [pid=3429919 tid=3429919] NOTICE  cufio-drv:705 running in compatible mode
 30-03-2023 13:50:48:206 [pid=3430300 tid=3430300] NOTICE  cufio-drv:705 running in compatible mode
 30-03-2023 13:51:10:167 [pid=3430482 tid=3430482] NOTICE  cufio-drv:705 running in compatible mode
 30-03-2023 13:52:18:754 [pid=3430835 tid=3430835] NOTICE  cufio-drv:705 running in compatible mode
 30-03-2023 13:52:49:161 [pid=3431076 tid=3431076] NOTICE  cufio-drv:705 running in compatible mode
 30-03-2023 13:57:03:774 [pid=3432147 tid=3432147] NOTICE  cufio-drv:705 running in compatible mode
 30-03-2023 14:13:33:980 [pid=3433637 tid=3433637] NOTICE  cufio-drv:705 running in compatible mode
 30-03-2023 14:15:30:718 [pid=3433973 tid=3433973] NOTICE  cufio-drv:705 running in compatible mode
 30-03-2023 14:19:32:796 [pid=3434509 tid=3434509] NOTICE  cufio-drv:705 running in compatible mode
 30-03-2023 14:31:21:297 [pid=3435509 tid=3435509] NOTICE  cufio-drv:705 running in compatible mode
 30-03-2023 14:31:59:107 [pid=3435734 tid=3435734] NOTICE  cufio-drv:705 running in compatible mode
 30-03-2023 14:33:04:422 [pid=3436059 tid=3436059] NOTICE  cufio-drv:705 running in compatible mode
 30-03-2023 14:51:34:767 [pid=3438612 tid=3438612] NOTICE  cufio-drv:705 running in compatible mode
 30-03-2023 14:52:18:424 [pid=3438848 tid=3438848] NOTICE  cufio-drv:705 running in compatible mode
 30-03-2023 14:53:54:169 [pid=3439164 tid=3439164] NOTICE  cufio-drv:705 running in compatible mode
 30-03-2023 14:58:35:215 [pid=3440775 tid=3440775] NOTICE  cufio-drv:705 running in compatible mode
 30-03-2023 14:59:15:713 [pid=3440995 tid=3440995] NOTICE  cufio-drv:705 running in compatible mode
 30-03-2023 14:59:43:286 [pid=3441199 tid=3441199] NOTICE  cufio-drv:705 running in compatible mode
 30-03-2023 15:01:42:49 [pid=3441566 tid=3441566] NOTICE  cufio-drv:705 running in compatible mode
 30-03-2023 15:02:39:837 [pid=3441825 tid=3441825] NOTICE  cufio-drv:705 running in compatible mode
 30-03-2023 15:04:10:284 [pid=3442176 tid=3442176] NOTICE  cufio-drv:705 running in compatible mode
 30-03-2023 15:05:04:501 [pid=3442424 tid=3442424] NOTICE  cufio-drv:705 running in compatible mode
 30-03-2023 15:07:14:762 [pid=3442741 tid=3442741] NOTICE  cufio-drv:705 running in compatible mode
 30-03-2023 15:08:22:945 [pid=3442975 tid=3442975] NOTICE  cufio-drv:705 running in compatible mode
 30-03-2023 15:09:23:835 [pid=3443194 tid=3443194] NOTICE  cufio-drv:705 running in compatible mode
 30-03-2023 15:10:03:79 [pid=3443409 tid=3443409] NOTICE  cufio-drv:705 running in compatible mode
 30-03-2023 15:10:22:881 [pid=3443587 tid=3443587] NOTICE  cufio-drv:705 running in compatible mode
 30-03-2023 15:11:01:300 [pid=3443843 tid=3443843] NOTICE  cufio-drv:705 running in compatible mode
 30-03-2023 15:12:39:100 [pid=3444742 tid=3444742] NOTICE  cufio-drv:705 running in compatible mode
 30-03-2023 15:19:03:670 [pid=3446630 tid=3446630] NOTICE  cufio-drv:705 running in compatible mode
 30-03-2023 16:36:07:219 [pid=3467625 tid=3467625] NOTICE  cufio-drv:705 running in compatible mode
 30-03-2023 16:40:53:624 [pid=3469876 tid=3469876] NOTICE  cufio-drv:705 running in compatible mode
 30-03-2023 16:48:19:629 [pid=3474031 tid=3474031] NOTICE  cufio-drv:705 running in compatible mode
 30-03-2023 16:50:27:558 [pid=3476231 tid=3476231] NOTICE  cufio-drv:705 running in compatible mode
 30-03-2023 16:50:46:540 [pid=3476348 tid=3476348] NOTICE  cufio-drv:705 running in compatible mode
 30-03-2023 17:11:12:553 [pid=3489400 tid=3489400] NOTICE  cufio-drv:705 running in compatible mode
 31-03-2023 10:23:56:423 [pid=3832351 tid=3832351] NOTICE  cufio-drv:705 running in compatible mode
 04-04-2023 15:11:43:859 [pid=281651 tid=281651] ERROR  cufio:483 cuInit Failed, error CUDA_ERROR_COMPAT_NOT_SUPPORTED_ON_DEVICE
 04-04-2023 15:11:43:859 [pid=281651 tid=281651] ERROR  cufio:587 cuFile initialization failed
 04-04-2023 15:17:05:447 [pid=10366 tid=10366] NOTICE  cufio-drv:705 running in compatible mode
 06-04-2023 14:25:24:438 [pid=285627 tid=285627] NOTICE  cufio-drv:705 running in compatible mode
 06-04-2023 14:26:41:957 [pid=285930 tid=285930] NOTICE  cufio-drv:705 running in compatible mode
 06-04-2023 14:44:41:680 [pid=289037 tid=289037] NOTICE  cufio-drv:705 running in compatible mode
 06-04-2023 14:47:29:198 [pid=289520 tid=289520] NOTICE  cufio-drv:705 running in compatible mode
 06-04-2023 14:48:37:444 [pid=289850 tid=289850] NOTICE  cufio-drv:705 running in compatible mode
 06-04-2023 15:03:34:402 [pid=293670 tid=293670] NOTICE  cufio-drv:705 running in compatible mode
 06-04-2023 15:04:14:249 [pid=293903 tid=293903] NOTICE  cufio-drv:705 running in compatible mode
 06-04-2023 15:07:05:398 [pid=294393 tid=294393] NOTICE  cufio-drv:705 running in compatible mode
 06-04-2023 15:08:29:158 [pid=294644 tid=294644] NOTICE  cufio-drv:705 running in compatible mode
 06-04-2023 15:14:46:502 [pid=295635 tid=295635] NOTICE  cufio-drv:705 running in compatible mode
 06-04-2023 15:18:30:570 [pid=296307 tid=296307] NOTICE  cufio-drv:705 running in compatible mode
 06-04-2023 15:43:01:473 [pid=299282 tid=299282] NOTICE  cufio-drv:705 running in compatible mode
 06-04-2023 15:46:23:272 [pid=299767 tid=299767] NOTICE  cufio-drv:705 running in compatible mode
 06-04-2023 15:47:42:213 [pid=300069 tid=300069] NOTICE  cufio-drv:705 running in compatible mode
 06-04-2023 15:48:40:617 [pid=300320 tid=300320] NOTICE  cufio-drv:705 running in compatible mode
 06-04-2023 15:50:08:503 [pid=300671 tid=300671] NOTICE  cufio-drv:705 running in compatible mode
 06-04-2023 16:07:51:956 [pid=303778 tid=303778] NOTICE  cufio-drv:705 running in compatible mode
 06-04-2023 16:40:44:271 [pid=312940 tid=312940] NOTICE  cufio-drv:705 running in compatible mode
 06-04-2023 17:03:42:830 [pid=316990 tid=316990] NOTICE  cufio-drv:705 running in compatible mode
 09-04-2023 21:34:51:489 [pid=2202646 tid=2202646] NOTICE  cufio-drv:705 running in compatible mode
 09-04-2023 21:50:05:304 [pid=2203934 tid=2203934] NOTICE  cufio-drv:705 running in compatible mode
 09-04-2023 21:51:36:86 [pid=2204260 tid=2204260] NOTICE  cufio-drv:705 running in compatible mode
 09-04-2023 21:53:11:54 [pid=2204742 tid=2204742] NOTICE  cufio-drv:705 running in compatible mode
 09-04-2023 21:54:48:531 [pid=2205090 tid=2205090] NOTICE  cufio-drv:705 running in compatible mode
 09-04-2023 21:55:45:404 [pid=2205304 tid=2205304] NOTICE  cufio-drv:705 running in compatible mode
 09-04-2023 21:58:56:460 [pid=2205880 tid=2205880] NOTICE  cufio-drv:705 running in compatible mode
 09-04-2023 22:00:07:800 [pid=2206276 tid=2206276] NOTICE  cufio-drv:705 running in compatible mode
 09-04-2023 22:08:10:984 [pid=2207343 tid=2207343] NOTICE  cufio-drv:705 running in compatible mode
 09-04-2023 22:13:37:842 [pid=2208114 tid=2208114] NOTICE  cufio-drv:705 running in compatible mode
 09-04-2023 22:15:39:906 [pid=2208602 tid=2208602] NOTICE  cufio-drv:705 running in compatible mode
 09-04-2023 22:17:26:879 [pid=2209112 tid=2209112] NOTICE  cufio-drv:705 running in compatible mode
 09-04-2023 22:18:46:809 [pid=2209524 tid=2209524] NOTICE  cufio-drv:705 running in compatible mode
 09-04-2023 22:20:41:911 [pid=2210068 tid=2210068] NOTICE  cufio-drv:705 running in compatible mode
 11-04-2023 10:08:01:624 [pid=2301900 tid=2301900] NOTICE  cufio-drv:705 running in compatible mode
 11-04-2023 11:01:55:628 [pid=2306029 tid=2306029] NOTICE  cufio-drv:705 running in compatible mode
 11-04-2023 12:16:08:852 [pid=2312451 tid=2312451] NOTICE  cufio-drv:705 running in compatible mode
 11-04-2023 12:18:12:111 [pid=2312824 tid=2312824] NOTICE  cufio-drv:705 running in compatible mode
 11-04-2023 12:19:04:52 [pid=2313066 tid=2313066] NOTICE  cufio-drv:705 running in compatible mode
 11-04-2023 18:20:47:622 [pid=26810 tid=26810] NOTICE  cufio-drv:705 running in compatible mode
 11-04-2023 18:25:58:246 [pid=28562 tid=28562] NOTICE  cufio-drv:705 running in compatible mode
 12-04-2023 09:55:08:301 [pid=36891 tid=36891] NOTICE  cufio-drv:705 running in compatible mode
 12-04-2023 14:39:14:861 [pid=50746 tid=50746] NOTICE  cufio-drv:705 running in compatible mode
 18-04-2023 16:11:45:943 [pid=182849 tid=182849] NOTICE  cufio-drv:705 running in compatible mode
 18-04-2023 16:11:57:536 [pid=182955 tid=182955] NOTICE  cufio-drv:705 running in compatible mode
 18-04-2023 16:12:07:25 [pid=183035 tid=183035] NOTICE  cufio-drv:705 running in compatible mode
 18-04-2023 16:12:27:588 [pid=183131 tid=183131] NOTICE  cufio-drv:705 running in compatible mode
 18-04-2023 16:14:45:300 [pid=183562 tid=183562] NOTICE  cufio-drv:705 running in compatible mode
 18-04-2023 16:15:57:344 [pid=183769 tid=183769] NOTICE  cufio-drv:705 running in compatible mode
 18-04-2023 16:19:24:472 [pid=184047 tid=184047] NOTICE  cufio-drv:705 running in compatible mode
 18-04-2023 16:24:08:345 [pid=184366 tid=184366] NOTICE  cufio-drv:705 running in compatible mode
 18-04-2023 16:26:42:905 [pid=185113 tid=185113] NOTICE  cufio-drv:705 running in compatible mode
 18-04-2023 16:30:22:141 [pid=186012 tid=186012] NOTICE  cufio-drv:705 running in compatible mode
 18-04-2023 16:30:35:396 [pid=186186 tid=186186] NOTICE  cufio-drv:705 running in compatible mode
 18-04-2023 16:33:34:537 [pid=186717 tid=186717] NOTICE  cufio-drv:705 running in compatible mode
 18-04-2023 16:38:33:626 [pid=187699 tid=187699] NOTICE  cufio-drv:705 running in compatible mode
 18-04-2023 16:40:55:617 [pid=188279 tid=188279] NOTICE  cufio-drv:705 running in compatible mode
 18-04-2023 16:42:22:269 [pid=188620 tid=188620] NOTICE  cufio-drv:705 running in compatible mode
 18-04-2023 16:43:55:545 [pid=188868 tid=188868] NOTICE  cufio-drv:705 running in compatible mode
 18-04-2023 16:45:14:801 [pid=189069 tid=189069] NOTICE  cufio-drv:705 running in compatible mode
 18-04-2023 16:47:22:837 [pid=189616 tid=189616] NOTICE  cufio-drv:705 running in compatible mode
 18-04-2023 16:49:53:104 [pid=189816 tid=189816] NOTICE  cufio-drv:705 running in compatible mode
 18-04-2023 16:51:50:875 [pid=190184 tid=190184] NOTICE  cufio-drv:705 running in compatible mode
 18-04-2023 16:55:16:629 [pid=190520 tid=190520] NOTICE  cufio-drv:705 running in compatible mode
 18-04-2023 17:00:31:367 [pid=190845 tid=190845] NOTICE  cufio-drv:705 running in compatible mode
 18-04-2023 17:07:51:995 [pid=192930 tid=192930] NOTICE  cufio-drv:705 running in compatible mode
 18-04-2023 17:15:25:280 [pid=194051 tid=194051] NOTICE  cufio-drv:705 running in compatible mode
 18-04-2023 17:20:41:618 [pid=194784 tid=194784] NOTICE  cufio-drv:705 running in compatible mode
 18-04-2023 17:21:27:166 [pid=195026 tid=195026] NOTICE  cufio-drv:705 running in compatible mode
 18-04-2023 17:25:56:199 [pid=195782 tid=195782] NOTICE  cufio-drv:705 running in compatible mode
 18-04-2023 17:36:33:572 [pid=196377 tid=196377] NOTICE  cufio-drv:705 running in compatible mode
 19-04-2023 14:54:21:33 [pid=214841 tid=214841] NOTICE  cufio-drv:705 running in compatible mode
 19-04-2023 14:54:32:836 [pid=214931 tid=214931] NOTICE  cufio-drv:705 running in compatible mode
 19-04-2023 15:19:15:290 [pid=222173 tid=222173] NOTICE  cufio-drv:705 running in compatible mode
 19-04-2023 15:19:32:517 [pid=222338 tid=222338] NOTICE  cufio-drv:705 running in compatible mode
 19-04-2023 15:21:52:496 [pid=222559 tid=222559] NOTICE  cufio-drv:705 running in compatible mode
 19-04-2023 15:24:27:578 [pid=222981 tid=222981] NOTICE  cufio-drv:705 running in compatible mode
 19-04-2023 15:29:51:996 [pid=223766 tid=223766] NOTICE  cufio-drv:705 running in compatible mode
 19-04-2023 15:31:26:717 [pid=224118 tid=224118] NOTICE  cufio-drv:705 running in compatible mode
 19-04-2023 15:32:48:933 [pid=224413 tid=224413] NOTICE  cufio-drv:705 running in compatible mode
 19-04-2023 15:40:36:14 [pid=225363 tid=225363] NOTICE  cufio-drv:705 running in compatible mode
 19-04-2023 15:42:46:553 [pid=225832 tid=225832] NOTICE  cufio-drv:705 running in compatible mode
 19-04-2023 15:47:03:93 [pid=226256 tid=226256] NOTICE  cufio-drv:705 running in compatible mode
 19-04-2023 15:49:09:512 [pid=226443 tid=226443] NOTICE  cufio-drv:705 running in compatible mode
 19-04-2023 15:51:13:789 [pid=227090 tid=227090] NOTICE  cufio-drv:705 running in compatible mode
 19-04-2023 15:53:06:232 [pid=227559 tid=227559] NOTICE  cufio-drv:705 running in compatible mode
 19-04-2023 15:54:48:194 [pid=227900 tid=227900] NOTICE  cufio-drv:705 running in compatible mode
 19-04-2023 15:58:08:227 [pid=228895 tid=228895] NOTICE  cufio-drv:705 running in compatible mode
 19-04-2023 16:22:27:933 [pid=239456 tid=239456] NOTICE  cufio-drv:705 running in compatible mode
 19-04-2023 16:25:26:66 [pid=242793 tid=242793] NOTICE  cufio-drv:705 running in compatible mode
 19-04-2023 16:28:45:980 [pid=244538 tid=244538] NOTICE  cufio-drv:705 running in compatible mode
 19-04-2023 16:30:27:727 [pid=246229 tid=246229] NOTICE  cufio-drv:705 running in compatible mode
 19-04-2023 16:33:14:874 [pid=248316 tid=248316] NOTICE  cufio-drv:705 running in compatible mode
 19-04-2023 16:37:32:102 [pid=250343 tid=250343] NOTICE  cufio-drv:705 running in compatible mode
 19-04-2023 16:40:41:125 [pid=251881 tid=251881] NOTICE  cufio-drv:705 running in compatible mode
 19-04-2023 16:45:06:155 [pid=253540 tid=253540] NOTICE  cufio-drv:705 running in compatible mode
 19-04-2023 16:48:35:637 [pid=255926 tid=255926] NOTICE  cufio-drv:705 running in compatible mode
 19-04-2023 16:51:30:940 [pid=257740 tid=257740] NOTICE  cufio-drv:705 running in compatible mode
 20-04-2023 16:12:33:444 [pid=676157 tid=676157] NOTICE  cufio-drv:705 running in compatible mode
 20-04-2023 16:18:36:783 [pid=676808 tid=676808] NOTICE  cufio-drv:705 running in compatible mode
 20-04-2023 16:25:06:464 [pid=677338 tid=677338] NOTICE  cufio-drv:705 running in compatible mode
 20-04-2023 16:26:40:160 [pid=677593 tid=677593] NOTICE  cufio-drv:705 running in compatible mode
 20-04-2023 16:28:58:643 [pid=677944 tid=677944] NOTICE  cufio-drv:705 running in compatible mode
 20-04-2023 16:30:38:87 [pid=678213 tid=678213] NOTICE  cufio-drv:705 running in compatible mode
 20-04-2023 16:32:39:836 [pid=678484 tid=678484] NOTICE  cufio-drv:705 running in compatible mode
 20-04-2023 16:34:57:281 [pid=678888 tid=678888] NOTICE  cufio-drv:705 running in compatible mode
 20-04-2023 16:37:07:647 [pid=679737 tid=679737] NOTICE  cufio-drv:705 running in compatible mode
 20-04-2023 16:40:51:487 [pid=680638 tid=680638] NOTICE  cufio-drv:705 running in compatible mode
 20-04-2023 16:46:09:865 [pid=681936 tid=681936] NOTICE  cufio-drv:705 running in compatible mode
 20-04-2023 16:49:34:947 [pid=682520 tid=682520] NOTICE  cufio-drv:705 running in compatible mode
 21-04-2023 11:30:09:146 [pid=708778 tid=708778] NOTICE  cufio-drv:705 running in compatible mode
 21-04-2023 11:31:18:483 [pid=709008 tid=709008] NOTICE  cufio-drv:705 running in compatible mode
 21-04-2023 11:38:57:357 [pid=709721 tid=709721] NOTICE  cufio-drv:705 running in compatible mode
 21-04-2023 11:50:22:645 [pid=710850 tid=710850] NOTICE  cufio-drv:705 running in compatible mode
 21-04-2023 11:53:20:237 [pid=712461 tid=712461] NOTICE  cufio-drv:705 running in compatible mode
 21-04-2023 12:47:52:328 [pid=717764 tid=717764] NOTICE  cufio-drv:705 running in compatible mode
 21-04-2023 12:50:04:507 [pid=719392 tid=719392] NOTICE  cufio-drv:705 running in compatible mode
 21-04-2023 13:17:46:383 [pid=725608 tid=725608] NOTICE  cufio-drv:705 running in compatible mode
 21-04-2023 13:18:20:965 [pid=725772 tid=725772] NOTICE  cufio-drv:705 running in compatible mode
 21-04-2023 13:56:46:622 [pid=731987 tid=731987] NOTICE  cufio-drv:705 running in compatible mode
 21-04-2023 14:19:59:964 [pid=734138 tid=734138] NOTICE  cufio-drv:705 running in compatible mode
 21-04-2023 14:52:59:752 [pid=736347 tid=736347] NOTICE  cufio-drv:705 running in compatible mode
 21-04-2023 14:56:33:104 [pid=737842 tid=737842] NOTICE  cufio-drv:705 running in compatible mode
 21-04-2023 15:06:07:86 [pid=739753 tid=739753] NOTICE  cufio-drv:705 running in compatible mode
 21-04-2023 15:12:36:856 [pid=741540 tid=741540] NOTICE  cufio-drv:705 running in compatible mode
 21-04-2023 16:46:28:343 [pid=749796 tid=749796] NOTICE  cufio-drv:705 running in compatible mode
 21-04-2023 17:08:34:670 [pid=751856 tid=751856] NOTICE  cufio-drv:705 running in compatible mode
 24-04-2023 11:56:38:927 [pid=801138 tid=801138] NOTICE  cufio-drv:705 running in compatible mode
 24-04-2023 11:58:43:718 [pid=801981 tid=801981] NOTICE  cufio-drv:705 running in compatible mode
 24-04-2023 12:05:58:342 [pid=802402 tid=802402] NOTICE  cufio-drv:705 running in compatible mode
 24-04-2023 12:06:49:254 [pid=802607 tid=802607] NOTICE  cufio-drv:705 running in compatible mode
 24-04-2023 16:00:11:626 [pid=811358 tid=811358] NOTICE  cufio-drv:705 running in compatible mode
 24-04-2023 16:14:12:497 [pid=812829 tid=812829] NOTICE  cufio-drv:705 running in compatible mode
 24-04-2023 16:28:26:260 [pid=814133 tid=814133] NOTICE  cufio-drv:705 running in compatible mode
 24-04-2023 16:33:08:342 [pid=814607 tid=814607] NOTICE  cufio-drv:705 running in compatible mode
 24-04-2023 16:38:34:594 [pid=816043 tid=816043] NOTICE  cufio-drv:705 running in compatible mode
 24-04-2023 16:40:12:159 [pid=816291 tid=816291] NOTICE  cufio-drv:705 running in compatible mode
 24-04-2023 16:42:06:531 [pid=816513 tid=816513] NOTICE  cufio-drv:705 running in compatible mode
 24-04-2023 16:59:20:54 [pid=819154 tid=819154] NOTICE  cufio-drv:705 running in compatible mode
 24-04-2023 17:24:15:970 [pid=822860 tid=822860] NOTICE  cufio-drv:705 running in compatible mode
 24-04-2023 17:53:54:79 [pid=824917 tid=824917] NOTICE  cufio-drv:705 running in compatible mode
 24-04-2023 18:24:42:273 [pid=829117 tid=829117] NOTICE  cufio-drv:705 running in compatible mode
 25-04-2023 11:37:20:500 [pid=847175 tid=847175] NOTICE  cufio-drv:705 running in compatible mode
 25-04-2023 11:38:28:417 [pid=847443 tid=847443] NOTICE  cufio-drv:705 running in compatible mode
 25-04-2023 11:46:18:894 [pid=848154 tid=848154] NOTICE  cufio-drv:705 running in compatible mode
 25-04-2023 11:46:39:721 [pid=848339 tid=848339] NOTICE  cufio-drv:705 running in compatible mode
 25-04-2023 14:34:12:538 [pid=854565 tid=854565] NOTICE  cufio-drv:705 running in compatible mode
 25-04-2023 15:04:59:233 [pid=865792 tid=865792] NOTICE  cufio-drv:705 running in compatible mode
 25-04-2023 15:07:43:795 [pid=867276 tid=867276] NOTICE  cufio-drv:705 running in compatible mode
 25-04-2023 15:09:33:102 [pid=868889 tid=868889] NOTICE  cufio-drv:705 running in compatible mode
 25-04-2023 15:12:16:622 [pid=870509 tid=870509] NOTICE  cufio-drv:705 running in compatible mode
 25-04-2023 15:28:37:873 [pid=873494 tid=873494] NOTICE  cufio-drv:705 running in compatible mode
 25-04-2023 15:34:55:3 [pid=874046 tid=874046] NOTICE  cufio-drv:705 running in compatible mode
 25-04-2023 15:49:52:730 [pid=876336 tid=876336] NOTICE  cufio-drv:705 running in compatible mode
 25-04-2023 15:50:56:301 [pid=876575 tid=876575] NOTICE  cufio-drv:705 running in compatible mode
 25-04-2023 16:21:23:896 [pid=878991 tid=878991] NOTICE  cufio-drv:705 running in compatible mode
 25-04-2023 16:22:49:440 [pid=881000 tid=881000] NOTICE  cufio-drv:705 running in compatible mode
 25-04-2023 17:04:51:444 [pid=884868 tid=884868] NOTICE  cufio-drv:705 running in compatible mode
 25-04-2023 17:07:22:917 [pid=886511 tid=886511] NOTICE  cufio-drv:705 running in compatible mode
 26-04-2023 11:36:04:8 [pid=1103292 tid=1103292] NOTICE  cufio-drv:705 running in compatible mode
 26-04-2023 11:37:21:390 [pid=1103561 tid=1103561] NOTICE  cufio-drv:705 running in compatible mode
 26-04-2023 15:00:04:369 [pid=1123523 tid=1123523] NOTICE  cufio-drv:705 running in compatible mode
 26-04-2023 15:21:11:891 [pid=1125781 tid=1125781] NOTICE  cufio-drv:705 running in compatible mode
 26-04-2023 15:23:37:535 [pid=1126028 tid=1126028] NOTICE  cufio-drv:705 running in compatible mode
 26-04-2023 15:32:03:658 [pid=1126853 tid=1126853] NOTICE  cufio-drv:705 running in compatible mode
 26-04-2023 15:47:52:747 [pid=1127521 tid=1127521] NOTICE  cufio-drv:705 running in compatible mode
 26-04-2023 16:13:41:84 [pid=1129514 tid=1129514] NOTICE  cufio-drv:705 running in compatible mode
 26-04-2023 16:28:54:528 [pid=1130434 tid=1130434] NOTICE  cufio-drv:705 running in compatible mode
 26-04-2023 16:30:28:277 [pid=1130641 tid=1130641] NOTICE  cufio-drv:705 running in compatible mode
 26-04-2023 16:36:06:319 [pid=1131314 tid=1131314] NOTICE  cufio-drv:705 running in compatible mode
 26-04-2023 16:47:09:516 [pid=1132968 tid=1132968] NOTICE  cufio-drv:705 running in compatible mode
 02-05-2023 10:11:50:716 [pid=1666330 tid=1666330] NOTICE  cufio-drv:705 running in compatible mode
 02-05-2023 12:05:54:528 [pid=1668725 tid=1668725] NOTICE  cufio-drv:705 running in compatible mode
 18-05-2023 22:17:01:300 [pid=2425642 tid=2425642] NOTICE  cufio-drv:705 running in compatible mode
 18-05-2023 22:26:45:695 [pid=2429049 tid=2429049] NOTICE  cufio-drv:705 running in compatible mode
 18-05-2023 22:27:41:368 [pid=2429325 tid=2429325] NOTICE  cufio-drv:705 running in compatible mode
 19-05-2023 14:28:33:404 [pid=2479010 tid=2479010] NOTICE  cufio-drv:705 running in compatible mode
 19-05-2023 14:29:38:941 [pid=2479182 tid=2479182] NOTICE  cufio-drv:705 running in compatible mode
 19-05-2023 14:30:17:281 [pid=2479337 tid=2479337] NOTICE  cufio-drv:705 running in compatible mode
 19-05-2023 14:35:25:935 [pid=2481112 tid=2481112] NOTICE  cufio-drv:705 running in compatible mode
 19-05-2023 14:36:06:127 [pid=2482441 tid=2482441] NOTICE  cufio-drv:705 running in compatible mode
 19-05-2023 14:40:44:147 [pid=2483959 tid=2483959] NOTICE  cufio-drv:705 running in compatible mode
 19-05-2023 14:51:08:675 [pid=2492677 tid=2492677] NOTICE  cufio-drv:705 running in compatible mode
 19-05-2023 14:51:25:32 [pid=2492786 tid=2492786] NOTICE  cufio-drv:705 running in compatible mode
 19-05-2023 14:52:02:316 [pid=2493114 tid=2493114] NOTICE  cufio-drv:705 running in compatible mode
 19-05-2023 14:52:37:675 [pid=2493254 tid=2493254] NOTICE  cufio-drv:705 running in compatible mode
 19-05-2023 14:53:10:467 [pid=2493347 tid=2493347] NOTICE  cufio-drv:705 running in compatible mode
 19-05-2023 14:53:22:521 [pid=2493428 tid=2493428] NOTICE  cufio-drv:705 running in compatible mode
 19-05-2023 14:53:43:958 [pid=2493535 tid=2493535] NOTICE  cufio-drv:705 running in compatible mode
 19-05-2023 14:54:04:598 [pid=2493617 tid=2493617] NOTICE  cufio-drv:705 running in compatible mode
 19-05-2023 15:08:36:197 [pid=2509856 tid=2509856] NOTICE  cufio-drv:705 running in compatible mode
 19-05-2023 15:09:32:108 [pid=2511696 tid=2511696] NOTICE  cufio-drv:705 running in compatible mode
 19-05-2023 15:12:18:422 [pid=2519503 tid=2519503] NOTICE  cufio-drv:705 running in compatible mode
 19-05-2023 15:21:36:69 [pid=2534302 tid=2534302] NOTICE  cufio-drv:705 running in compatible mode
 19-05-2023 15:37:41:122 [pid=2561278 tid=2561278] NOTICE  cufio-drv:705 running in compatible mode
 19-05-2023 21:45:43:518 [pid=2807267 tid=2807267] NOTICE  cufio-drv:705 running in compatible mode
 19-05-2023 21:55:52:339 [pid=2815856 tid=2815856] NOTICE  cufio-drv:705 running in compatible mode
 19-05-2023 22:07:01:330 [pid=2832128 tid=2832128] NOTICE  cufio-drv:705 running in compatible mode
 19-05-2023 22:18:51:322 [pid=2847482 tid=2847482] NOTICE  cufio-drv:705 running in compatible mode
 24-05-2023 15:00:31:125 [pid=3629038 tid=3629038] NOTICE  cufio-drv:705 running in compatible mode
 25-05-2023 18:06:22:654 [pid=3647301 tid=3647301] NOTICE  cufio-drv:705 running in compatible mode
 25-05-2023 18:07:12:457 [pid=3647500 tid=3647500] NOTICE  cufio-drv:705 running in compatible mode
 25-05-2023 18:08:18:693 [pid=3647733 tid=3647733] NOTICE  cufio-drv:705 running in compatible mode
 25-05-2023 19:18:50:462 [pid=3653643 tid=3653643] NOTICE  cufio-drv:705 running in compatible mode
 25-05-2023 19:34:36:400 [pid=3655442 tid=3655442] NOTICE  cufio-drv:705 running in compatible mode
 25-05-2023 20:02:05:121 [pid=3658916 tid=3658916] NOTICE  cufio-drv:705 running in compatible mode
 25-05-2023 20:15:08:28 [pid=3662087 tid=3662087] NOTICE  cufio-drv:705 running in compatible mode
 25-05-2023 20:20:57:712 [pid=3662803 tid=3662803] NOTICE  cufio-drv:705 running in compatible mode
 25-05-2023 20:32:05:408 [pid=3663150 tid=3663150] NOTICE  cufio-drv:705 running in compatible mode
 25-05-2023 20:36:24:809 [pid=3663441 tid=3663441] NOTICE  cufio-drv:705 running in compatible mode
 25-05-2023 20:39:57:603 [pid=3663757 tid=3663757] NOTICE  cufio-drv:705 running in compatible mode
 31-05-2023 20:24:55:422 [pid=222584 tid=222584] NOTICE  cufio-drv:705 running in compatible mode
 31-05-2023 20:29:32:48 [pid=222899 tid=222899] NOTICE  cufio-drv:705 running in compatible mode
 31-05-2023 20:37:05:185 [pid=223772 tid=223772] NOTICE  cufio-drv:705 running in compatible mode
 31-05-2023 20:38:38:810 [pid=224115 tid=224115] NOTICE  cufio-drv:705 running in compatible mode
 31-05-2023 22:38:58:88 [pid=382697 tid=382697] ERROR  cufio-cuda:140 unable to load,  libcuda.so.1 

 31-05-2023 22:38:58:88 [pid=382697 tid=382697] ERROR  cufio:475 missing cuda symbols while dynamic loading
 31-05-2023 22:38:58:88 [pid=382697 tid=382697] ERROR  cufio:587 cuFile initialization failed
 31-05-2023 22:41:02:503 [pid=384595 tid=384595] ERROR  cufio-cuda:140 unable to load,  libcuda.so.1 

 31-05-2023 22:41:02:503 [pid=384595 tid=384595] ERROR  cufio:475 missing cuda symbols while dynamic loading
 31-05-2023 22:41:02:503 [pid=384595 tid=384595] ERROR  cufio:587 cuFile initialization failed
 31-05-2023 22:45:27:64 [pid=391114 tid=391114] ERROR  cufio-cuda:140 unable to load,  libcuda.so.1 

 31-05-2023 22:45:27:64 [pid=391114 tid=391114] ERROR  cufio:475 missing cuda symbols while dynamic loading
 31-05-2023 22:45:27:64 [pid=391114 tid=391114] ERROR  cufio:587 cuFile initialization failed
 31-05-2023 22:46:57:208 [pid=392982 tid=392982] ERROR  cufio-cuda:140 unable to load,  libcuda.so.1 

 31-05-2023 22:46:57:208 [pid=392982 tid=392982] ERROR  cufio:475 missing cuda symbols while dynamic loading
 31-05-2023 22:46:57:208 [pid=392982 tid=392982] ERROR  cufio:587 cuFile initialization failed
 31-05-2023 22:47:58:15 [pid=393112 tid=393112] ERROR  cufio-cuda:140 unable to load,  libcuda.so.1 

 31-05-2023 22:47:58:15 [pid=393112 tid=393112] ERROR  cufio:475 missing cuda symbols while dynamic loading
 31-05-2023 22:47:58:15 [pid=393112 tid=393112] ERROR  cufio:587 cuFile initialization failed
 31-05-2023 22:54:16:264 [pid=430724 tid=430724] ERROR  cufio:483 cuInit Failed, error CUDA_ERROR_COMPAT_NOT_SUPPORTED_ON_DEVICE
 31-05-2023 22:54:16:264 [pid=430724 tid=430724] ERROR  cufio:587 cuFile initialization failed
 31-05-2023 22:55:07:748 [pid=430950 tid=430950] ERROR  cufio:483 cuInit Failed, error CUDA_ERROR_NO_DEVICE
 31-05-2023 22:55:07:748 [pid=430950 tid=430950] ERROR  cufio:587 cuFile initialization failed
 31-05-2023 22:55:23:168 [pid=431053 tid=431053] ERROR  cufio:483 cuInit Failed, error CUDA_ERROR_NO_DEVICE
 31-05-2023 22:55:23:168 [pid=431053 tid=431053] ERROR  cufio:587 cuFile initialization failed
 31-05-2023 22:55:32:385 [pid=431128 tid=431128] ERROR  cufio:483 cuInit Failed, error CUDA_ERROR_COMPAT_NOT_SUPPORTED_ON_DEVICE
 31-05-2023 22:55:32:385 [pid=431128 tid=431128] ERROR  cufio:587 cuFile initialization failed
 31-05-2023 23:21:37:735 [pid=452162 tid=452162] NOTICE  cufio-drv:705 running in compatible mode
 31-05-2023 23:45:05:836 [pid=456253 tid=456253] NOTICE  cufio-drv:705 running in compatible mode
 31-05-2023 23:48:24:429 [pid=456671 tid=456671] NOTICE  cufio-drv:705 running in compatible mode
 31-05-2023 23:49:17:720 [pid=456943 tid=456943] NOTICE  cufio-drv:705 running in compatible mode
 31-05-2023 23:52:56:362 [pid=457546 tid=457546] NOTICE  cufio-drv:705 running in compatible mode
 31-05-2023 23:56:40:626 [pid=457872 tid=457872] NOTICE  cufio-drv:705 running in compatible mode
 01-06-2023 00:00:39:909 [pid=458974 tid=458974] NOTICE  cufio-drv:705 running in compatible mode
 01-06-2023 00:04:07:366 [pid=459783 tid=459783] NOTICE  cufio-drv:705 running in compatible mode
 01-06-2023 00:06:40:786 [pid=460083 tid=460083] NOTICE  cufio-drv:705 running in compatible mode
 01-06-2023 00:11:08:326 [pid=460731 tid=460731] NOTICE  cufio-drv:705 running in compatible mode
 01-06-2023 00:13:04:21 [pid=461066 tid=461066] NOTICE  cufio-drv:705 running in compatible mode
 01-06-2023 00:13:35:234 [pid=461278 tid=461278] NOTICE  cufio-drv:705 running in compatible mode
 01-06-2023 00:18:43:998 [pid=461620 tid=461620] NOTICE  cufio-drv:705 running in compatible mode
 01-06-2023 00:22:23:551 [pid=462386 tid=462386] NOTICE  cufio-drv:705 running in compatible mode
 01-06-2023 00:23:21:567 [pid=462712 tid=462712] NOTICE  cufio-drv:705 running in compatible mode
 01-06-2023 00:24:12:260 [pid=462933 tid=462933] NOTICE  cufio-drv:705 running in compatible mode
 01-06-2023 00:25:38:70 [pid=463134 tid=463134] NOTICE  cufio-drv:705 running in compatible mode
 01-06-2023 00:27:47:939 [pid=463717 tid=463717] NOTICE  cufio-drv:705 running in compatible mode
 01-06-2023 00:36:10:730 [pid=464594 tid=464594] NOTICE  cufio-drv:705 running in compatible mode
 01-06-2023 00:44:31:741 [pid=465382 tid=465382] NOTICE  cufio-drv:705 running in compatible mode
 01-06-2023 00:47:52:153 [pid=466021 tid=466021] NOTICE  cufio-drv:705 running in compatible mode
 01-06-2023 00:51:25:327 [pid=466711 tid=466711] NOTICE  cufio-drv:705 running in compatible mode
 01-06-2023 00:51:54:847 [pid=466927 tid=466927] NOTICE  cufio-drv:705 running in compatible mode
 01-06-2023 00:55:15:967 [pid=467769 tid=467769] NOTICE  cufio-drv:705 running in compatible mode
 01-06-2023 00:56:35:714 [pid=468127 tid=468127] NOTICE  cufio-drv:705 running in compatible mode
 01-06-2023 00:58:52:7 [pid=468731 tid=468731] NOTICE  cufio-drv:705 running in compatible mode
 01-06-2023 01:00:20:181 [pid=469028 tid=469028] NOTICE  cufio-drv:705 running in compatible mode
 01-06-2023 01:01:24:923 [pid=469323 tid=469323] NOTICE  cufio-drv:705 running in compatible mode
 01-06-2023 01:02:46:883 [pid=469633 tid=469633] NOTICE  cufio-drv:705 running in compatible mode
 01-06-2023 01:03:23:538 [pid=469831 tid=469831] NOTICE  cufio-drv:705 running in compatible mode
 01-06-2023 01:04:34:233 [pid=470167 tid=470167] NOTICE  cufio-drv:705 running in compatible mode
 01-06-2023 01:05:08:755 [pid=470379 tid=470379] NOTICE  cufio-drv:705 running in compatible mode
 01-06-2023 01:14:39:116 [pid=475767 tid=475767] NOTICE  cufio-drv:705 running in compatible mode
 01-06-2023 01:15:21:486 [pid=475982 tid=475982] NOTICE  cufio-drv:705 running in compatible mode
 01-06-2023 01:49:37:972 [pid=480519 tid=480519] NOTICE  cufio-drv:705 running in compatible mode
 01-06-2023 01:54:36:912 [pid=481198 tid=481198] NOTICE  cufio-drv:705 running in compatible mode
 01-06-2023 01:55:50:515 [pid=481465 tid=481465] NOTICE  cufio-drv:705 running in compatible mode
 01-06-2023 19:41:52:16 [pid=596327 tid=596327] NOTICE  cufio-drv:705 running in compatible mode
 01-06-2023 19:47:11:527 [pid=599078 tid=599078] NOTICE  cufio-drv:705 running in compatible mode
 09-06-2023 17:30:15:453 [pid=2665114 tid=2665114] NOTICE  cufio-drv:705 running in compatible mode
 09-06-2023 17:31:34:453 [pid=2665314 tid=2665314] NOTICE  cufio-drv:705 running in compatible mode
 09-06-2023 19:43:36:623 [pid=2671685 tid=2671685] NOTICE  cufio-drv:705 running in compatible mode
 09-06-2023 19:47:09:892 [pid=2671972 tid=2671972] NOTICE  cufio-drv:705 running in compatible mode
 09-06-2023 19:58:05:469 [pid=2676710 tid=2676710] NOTICE  cufio-drv:705 running in compatible mode
 09-06-2023 20:00:01:926 [pid=2678498 tid=2678498] NOTICE  cufio-drv:705 running in compatible mode
 09-06-2023 20:01:17:963 [pid=2680304 tid=2680304] NOTICE  cufio-drv:705 running in compatible mode
 12-06-2023 15:50:42:234 [pid=3656783 tid=3656783] NOTICE  cufio-drv:705 running in compatible mode
 12-06-2023 16:05:20:876 [pid=3664084 tid=3664084] NOTICE  cufio-drv:705 running in compatible mode
 12-06-2023 16:24:04:406 [pid=3666206 tid=3666206] NOTICE  cufio-drv:705 running in compatible mode
 27-06-2023 21:25:26:458 [pid=2453800 tid=2453800] NOTICE  cufio-drv:705 running in compatible mode
 27-06-2023 21:26:47:34 [pid=2454059 tid=2454059] NOTICE  cufio-drv:705 running in compatible mode
 27-06-2023 21:29:52:67 [pid=2454301 tid=2454301] NOTICE  cufio-drv:705 running in compatible mode
 27-06-2023 23:35:46:252 [pid=2466065 tid=2466065] NOTICE  cufio-drv:705 running in compatible mode
 27-06-2023 23:39:38:469 [pid=2466410 tid=2466410] NOTICE  cufio-drv:705 running in compatible mode
 28-06-2023 00:14:55:115 [pid=2469453 tid=2469453] NOTICE  cufio-drv:705 running in compatible mode
 28-06-2023 16:22:32:797 [pid=2484184 tid=2484184] NOTICE  cufio-drv:705 running in compatible mode
 28-06-2023 16:24:21:910 [pid=2484438 tid=2484438] NOTICE  cufio-drv:705 running in compatible mode
 28-06-2023 16:27:56:363 [pid=2484737 tid=2484737] NOTICE  cufio-drv:705 running in compatible mode
 28-06-2023 16:31:01:222 [pid=2485009 tid=2485009] NOTICE  cufio-drv:705 running in compatible mode
 28-06-2023 19:41:22:685 [pid=2496900 tid=2496900] NOTICE  cufio-drv:705 running in compatible mode
 28-06-2023 19:42:40:450 [pid=2497118 tid=2497118] NOTICE  cufio-drv:705 running in compatible mode
 28-06-2023 20:01:23:557 [pid=2497836 tid=2497836] NOTICE  cufio-drv:705 running in compatible mode
 28-06-2023 22:42:47:772 [pid=2504521 tid=2504521] NOTICE  cufio-drv:705 running in compatible mode
 28-06-2023 22:43:36:57 [pid=2504768 tid=2504768] NOTICE  cufio-drv:705 running in compatible mode
 28-06-2023 22:51:35:158 [pid=2505331 tid=2505331] NOTICE  cufio-drv:705 running in compatible mode
 28-06-2023 22:53:22:977 [pid=2505611 tid=2505611] NOTICE  cufio-drv:705 running in compatible mode
 28-06-2023 22:53:57:796 [pid=2505855 tid=2505855] NOTICE  cufio-drv:705 running in compatible mode
 28-06-2023 23:00:49:821 [pid=2508727 tid=2508727] NOTICE  cufio-drv:705 running in compatible mode
 28-06-2023 23:06:46:181 [pid=2509067 tid=2509067] NOTICE  cufio-drv:705 running in compatible mode
 28-06-2023 23:07:38:621 [pid=2509273 tid=2509273] NOTICE  cufio-drv:705 running in compatible mode
 29-06-2023 16:48:58:926 [pid=2528026 tid=2528026] NOTICE  cufio-drv:705 running in compatible mode
 29-06-2023 19:42:46:694 [pid=2538547 tid=2538547] NOTICE  cufio-drv:705 running in compatible mode
 30-06-2023 17:12:58:798 [pid=3047525 tid=3047525] NOTICE  cufio-drv:705 running in compatible mode
 30-06-2023 18:05:40:941 [pid=3194050 tid=3194050] NOTICE  cufio-drv:705 running in compatible mode
 30-06-2023 18:06:07:800 [pid=3194203 tid=3194203] NOTICE  cufio-drv:705 running in compatible mode
 30-06-2023 18:07:00:223 [pid=3194333 tid=3194333] NOTICE  cufio-drv:705 running in compatible mode
 30-08-2023 19:37:41:482 [pid=2585089 tid=2585089] NOTICE  cufio-drv:705 running in compatible mode
 31-08-2023 21:21:33:512 [pid=2624923 tid=2624923] NOTICE  cufio-drv:705 running in compatible mode
 31-08-2023 21:26:17:696 [pid=2625339 tid=2625339] NOTICE  cufio-drv:705 running in compatible mode
 31-08-2023 21:27:11:647 [pid=2625452 tid=2625452] NOTICE  cufio-drv:705 running in compatible mode
 31-08-2023 21:29:54:236 [pid=2627277 tid=2627277] NOTICE  cufio-drv:705 running in compatible mode
 31-08-2023 21:30:12:452 [pid=2627388 tid=2627388] NOTICE  cufio-drv:705 running in compatible mode
 31-08-2023 21:32:55:344 [pid=2629126 tid=2629126] NOTICE  cufio-drv:705 running in compatible mode
 31-08-2023 21:34:16:243 [pid=2630796 tid=2630796] NOTICE  cufio-drv:705 running in compatible mode
 31-08-2023 22:07:25:89 [pid=2653329 tid=2653329] NOTICE  cufio-drv:705 running in compatible mode
 31-08-2023 22:09:41:956 [pid=2653616 tid=2653616] NOTICE  cufio-drv:705 running in compatible mode
 31-08-2023 23:53:55:976 [pid=2677851 tid=2677851] NOTICE  cufio-drv:705 running in compatible mode
 31-08-2023 23:55:31:969 [pid=2679631 tid=2679631] NOTICE  cufio-drv:705 running in compatible mode
 01-09-2023 00:03:10:91 [pid=2683891 tid=2683891] NOTICE  cufio-drv:705 running in compatible mode
 01-09-2023 00:03:48:882 [pid=2685422 tid=2685422] NOTICE  cufio-drv:705 running in compatible mode
 01-09-2023 02:12:16:886 [pid=2760165 tid=2760165] NOTICE  cufio-drv:705 running in compatible mode
 01-09-2023 20:53:57:151 [pid=3599810 tid=3599810] NOTICE  cufio-drv:705 running in compatible mode
 01-09-2023 21:14:24:825 [pid=3615920 tid=3615920] NOTICE  cufio-drv:705 running in compatible mode
 01-09-2023 21:26:14:898 [pid=3624991 tid=3624991] NOTICE  cufio-drv:705 running in compatible mode
 01-09-2023 21:52:32:77 [pid=3647807 tid=3647807] NOTICE  cufio-drv:705 running in compatible mode
 02-09-2023 03:04:45:226 [pid=3693844 tid=3693844] NOTICE  cufio-drv:705 running in compatible mode
 02-09-2023 03:06:15:206 [pid=3693929 tid=3693929] NOTICE  cufio-drv:705 running in compatible mode
 02-09-2023 03:09:39:736 [pid=3694044 tid=3694044] NOTICE  cufio-drv:705 running in compatible mode
 02-09-2023 03:10:07:55 [pid=3694124 tid=3694124] NOTICE  cufio-drv:705 running in compatible mode
 02-09-2023 03:10:20:18 [pid=3694205 tid=3694205] NOTICE  cufio-drv:705 running in compatible mode
 02-09-2023 03:12:30:544 [pid=3694292 tid=3694292] NOTICE  cufio-drv:705 running in compatible mode
 02-09-2023 03:12:57:759 [pid=3694445 tid=3694445] NOTICE  cufio-drv:705 running in compatible mode
 02-09-2023 03:17:05:156 [pid=3694656 tid=3694656] NOTICE  cufio-drv:705 running in compatible mode
 02-09-2023 03:19:26:478 [pid=3694877 tid=3694877] NOTICE  cufio-drv:705 running in compatible mode
 02-09-2023 03:20:38:201 [pid=3694995 tid=3694995] NOTICE  cufio-drv:705 running in compatible mode
 02-09-2023 03:29:32:793 [pid=3695603 tid=3695603] NOTICE  cufio-drv:705 running in compatible mode
 02-09-2023 03:29:59:442 [pid=3695701 tid=3695701] NOTICE  cufio-drv:705 running in compatible mode
 02-09-2023 03:30:44:143 [pid=3695948 tid=3695948] NOTICE  cufio-drv:705 running in compatible mode
 08-09-2023 11:55:00:673 [pid=3813128 tid=3813128] NOTICE  cufio-drv:705 running in compatible mode
 08-09-2023 11:56:06:218 [pid=3813280 tid=3813280] NOTICE  cufio-drv:705 running in compatible mode
 08-09-2023 11:58:54:758 [pid=3813631 tid=3813631] NOTICE  cufio-drv:705 running in compatible mode
 08-09-2023 12:00:03:139 [pid=3813879 tid=3813879] NOTICE  cufio-drv:705 running in compatible mode
 08-09-2023 14:40:37:38 [pid=3817734 tid=3817734] NOTICE  cufio-drv:705 running in compatible mode
 08-09-2023 14:56:59:842 [pid=3820787 tid=3820787] NOTICE  cufio-drv:705 running in compatible mode
 08-09-2023 14:59:20:355 [pid=3821045 tid=3821045] NOTICE  cufio-drv:705 running in compatible mode
 08-09-2023 15:03:07:869 [pid=3822147 tid=3822147] NOTICE  cufio-drv:705 running in compatible mode
 08-09-2023 15:03:37:277 [pid=3822532 tid=3822532] NOTICE  cufio-drv:705 running in compatible mode
 08-09-2023 15:16:09:647 [pid=3823288 tid=3823288] NOTICE  cufio-drv:705 running in compatible mode
 08-09-2023 15:41:21:391 [pid=3834197 tid=3834197] NOTICE  cufio-drv:705 running in compatible mode
 08-09-2023 15:57:46:434 [pid=3837072 tid=3837072] NOTICE  cufio-drv:705 running in compatible mode
 08-09-2023 16:08:22:782 [pid=3839294 tid=3839294] NOTICE  cufio-drv:705 running in compatible mode
 08-09-2023 16:14:39:28 [pid=3840224 tid=3840224] NOTICE  cufio-drv:705 running in compatible mode
 08-09-2023 16:15:42:923 [pid=3840538 tid=3840538] NOTICE  cufio-drv:705 running in compatible mode
 10-09-2023 10:38:30:306 [pid=4082469 tid=4082469] NOTICE  cufio-drv:705 running in compatible mode
 12-09-2023 16:08:04:463 [pid=252904 tid=252904] NOTICE  cufio-drv:705 running in compatible mode
 12-09-2023 16:09:15:123 [pid=253157 tid=253157] NOTICE  cufio-drv:705 running in compatible mode
 12-09-2023 16:09:39:211 [pid=253271 tid=253271] NOTICE  cufio-drv:705 running in compatible mode
 12-09-2023 16:18:15:446 [pid=253938 tid=253938] NOTICE  cufio-drv:705 running in compatible mode
 14-09-2023 14:39:19:957 [pid=342219 tid=342219] NOTICE  cufio-drv:705 running in compatible mode
 14-09-2023 14:39:43:285 [pid=342335 tid=342335] NOTICE  cufio-drv:705 running in compatible mode
 14-09-2023 14:40:39:715 [pid=342514 tid=342514] NOTICE  cufio-drv:705 running in compatible mode
 14-09-2023 15:08:56:112 [pid=345976 tid=345976] NOTICE  cufio-drv:705 running in compatible mode
 14-09-2023 15:12:40:784 [pid=346891 tid=346891] NOTICE  cufio-drv:705 running in compatible mode
 14-09-2023 15:13:40:547 [pid=347046 tid=347046] NOTICE  cufio-drv:705 running in compatible mode
 14-09-2023 15:13:55:790 [pid=347166 tid=347166] NOTICE  cufio-drv:705 running in compatible mode
 14-09-2023 15:16:35:765 [pid=347528 tid=347528] NOTICE  cufio-drv:705 running in compatible mode
 14-09-2023 15:17:42:403 [pid=347730 tid=347730] NOTICE  cufio-drv:705 running in compatible mode
 14-09-2023 15:20:25:966 [pid=348075 tid=348075] NOTICE  cufio-drv:705 running in compatible mode
 14-09-2023 15:21:21:577 [pid=348253 tid=348253] NOTICE  cufio-drv:705 running in compatible mode
 14-09-2023 15:22:23:349 [pid=348409 tid=348409] NOTICE  cufio-drv:705 running in compatible mode
 14-09-2023 16:03:18:716 [pid=350732 tid=350732] NOTICE  cufio-drv:705 running in compatible mode
 15-09-2023 10:15:25:87 [pid=388448 tid=388448] NOTICE  cufio-drv:705 running in compatible mode
 15-09-2023 13:18:50:359 [pid=414810 tid=414810] NOTICE  cufio-drv:705 running in compatible mode
 15-09-2023 14:47:25:892 [pid=421041 tid=421041] NOTICE  cufio-drv:705 running in compatible mode
 15-09-2023 15:17:07:750 [pid=422210 tid=422210] NOTICE  cufio-drv:705 running in compatible mode
 15-09-2023 15:23:37:661 [pid=423007 tid=423007] NOTICE  cufio-drv:705 running in compatible mode
 15-09-2023 15:26:33:298 [pid=423630 tid=423630] NOTICE  cufio-drv:705 running in compatible mode
 15-09-2023 15:36:30:845 [pid=424281 tid=424281] NOTICE  cufio-drv:705 running in compatible mode
 15-09-2023 15:38:17:493 [pid=424490 tid=424490] NOTICE  cufio-drv:705 running in compatible mode
 15-09-2023 16:23:29:462 [pid=428868 tid=428868] NOTICE  cufio-drv:705 running in compatible mode
 15-09-2023 16:45:00:581 [pid=431208 tid=431208] NOTICE  cufio-drv:705 running in compatible mode
 15-09-2023 16:55:42:356 [pid=433217 tid=433217] NOTICE  cufio-drv:705 running in compatible mode
 15-09-2023 17:47:57:314 [pid=443496 tid=443496] NOTICE  cufio-drv:705 running in compatible mode
 15-09-2023 17:54:26:806 [pid=444964 tid=444964] NOTICE  cufio-drv:705 running in compatible mode
 15-09-2023 17:55:26:997 [pid=445589 tid=445589] NOTICE  cufio-drv:705 running in compatible mode
 17-09-2023 10:48:12:378 [pid=482222 tid=482222] NOTICE  cufio-drv:705 running in compatible mode
 17-09-2023 10:50:07:834 [pid=483241 tid=483241] NOTICE  cufio-drv:705 running in compatible mode
 17-09-2023 10:52:03:357 [pid=483803 tid=483803] NOTICE  cufio-drv:705 running in compatible mode
 17-09-2023 10:54:44:996 [pid=484416 tid=484416] NOTICE  cufio-drv:705 running in compatible mode
 17-09-2023 10:55:55:833 [pid=484961 tid=484961] NOTICE  cufio-drv:705 running in compatible mode
 17-09-2023 11:00:13:687 [pid=485781 tid=485781] NOTICE  cufio-drv:705 running in compatible mode
 17-09-2023 11:00:51:731 [pid=486241 tid=486241] NOTICE  cufio-drv:705 running in compatible mode
 17-09-2023 11:05:37:599 [pid=488213 tid=488213] NOTICE  cufio-drv:705 running in compatible mode
 17-09-2023 11:06:04:238 [pid=488346 tid=488346] NOTICE  cufio-drv:705 running in compatible mode
 17-09-2023 11:06:23:12 [pid=488462 tid=488462] NOTICE  cufio-drv:705 running in compatible mode
 17-09-2023 11:35:08:268 [pid=497253 tid=497253] NOTICE  cufio-drv:705 running in compatible mode
 17-09-2023 11:40:49:376 [pid=500198 tid=500198] NOTICE  cufio-drv:705 running in compatible mode
 17-09-2023 11:41:55:522 [pid=500672 tid=500672] NOTICE  cufio-drv:705 running in compatible mode
 17-09-2023 11:45:16:169 [pid=501414 tid=501414] NOTICE  cufio-drv:705 running in compatible mode
 17-09-2023 11:48:44:469 [pid=502058 tid=502058] NOTICE  cufio-drv:705 running in compatible mode
 17-09-2023 11:52:16:319 [pid=503006 tid=503006] NOTICE  cufio-drv:705 running in compatible mode
 17-09-2023 11:56:47:356 [pid=505966 tid=505966] NOTICE  cufio-drv:705 running in compatible mode
 17-09-2023 12:22:31:55 [pid=515443 tid=515443] NOTICE  cufio-drv:705 running in compatible mode
 17-09-2023 12:23:05:772 [pid=517513 tid=517513] NOTICE  cufio-drv:705 running in compatible mode
